2024-01-12 20:05:18,755:ERROR:jpmorgan_bot failed on all attempts. Error: Message: element click intercepted: Element <span...class="npe-icon-down-arrow"> </span> is not clickable at point (1577, 334). Other element would receive the click: <div class="jpm-modal-overlay jpm-am-modal ">...</div>
  (Session info: chrome-headless-shell=120.0.6099.217)
Stacktrace:
	GetHandleVerifier [0x00E36EE3+174339]
	(No symbol) [0x00D60A51]
	(No symbol) [0x00A76FF6]
	(No symbol) [0x00AAE48E]
	(No symbol) [0x00AAD09E]
	(No symbol) [0x00AAB5F8]
	(No symbol) [0x00AAAD7F]
	(No symbol) [0x00AA2B4E]
	(No symbol) [0x00AC700C]
	(No symbol) [0x00AA25B0]
	(No symbol) [0x00AC7414]
	(No symbol) [0x00ADA104]
	(No symbol) [0x00AC6DA6]
	(No symbol) [0x00AA1034]
	(No symbol) [0x00AA1F8D]
	GetHandleVerifier [0x00ED4B1C+820540]
	sqlite3_dbdata_init [0x00F953EE+653550]
	sqlite3_dbdata_init [0x00F94E09+652041]
	sqlite3_dbdata_init [0x00F897CC+605388]
	sqlite3_dbdata_init [0x00F95D9B+656027]
	(No symbol) [0x00D6FE6C]
	(No symbol) [0x00D683B8]
	(No symbol) [0x00D684DD]
	(No symbol) [0x00D55818]
	BaseThreadInitThunk [0x76A17BA9+25]
	RtlInitializeExceptionChain [0x7793BD2B+107]
	RtlClearBits [0x7793BCAF+191]

2024-01-12 20:28:01,298:ERROR:pimco_bot failed on all attempts. Error: "None of ['Ticker'] are in the columns"
2024-01-12 21:05:06,627:ERROR:vaneck_bot failed on all attempts. Error: "None of ['Ticker'] are in the columns"
2024-01-15 23:49:37,964:ERROR:pimco_bot failed on all attempts. Error: "None of ['Ticker'] are in the columns"
2024-01-15 23:52:57,093:ERROR:wisdomtree_bot failed on all attempts. Error: Message: no such element: Unable to locate element: {"method":"css selector","selector":"#fund-overview > div > div:nth-child(1) > table > tbody > tr:nth-child(9) > td:nth-child(2)"}
  (Session info: chrome-headless-shell=120.0.6099.217); For documentation on this error, please visit: https://www.selenium.dev/documentation/webdriver/troubleshooting/errors#no-such-element-exception
Stacktrace:
	GetHandleVerifier [0x00C16EE3+174339]
	(No symbol) [0x00B40A51]
	(No symbol) [0x00856FF6]
	(No symbol) [0x00889876]
	(No symbol) [0x00889C2C]
	(No symbol) [0x008BBD42]
	(No symbol) [0x008A7054]
	(No symbol) [0x008BA104]
	(No symbol) [0x008A6DA6]
	(No symbol) [0x00881034]
	(No symbol) [0x00881F8D]
	GetHandleVerifier [0x00CB4B1C+820540]
	sqlite3_dbdata_init [0x00D753EE+653550]
	sqlite3_dbdata_init [0x00D74E09+652041]
	sqlite3_dbdata_init [0x00D697CC+605388]
	sqlite3_dbdata_init [0x00D75D9B+656027]
	(No symbol) [0x00B4FE6C]
	(No symbol) [0x00B483B8]
	(No symbol) [0x00B484DD]
	(No symbol) [0x00B35818]
	BaseThreadInitThunk [0x75F87BA9+25]
	RtlInitializeExceptionChain [0x7782BD2B+107]
	RtlClearBits [0x7782BCAF+191]

2024-01-16 00:23:37,572:ERROR:vaneck_bot failed on all attempts. Error: "None of ['Ticker'] are in the columns"
2024-01-24 17:23:20,217:ERROR:vanguard_bot failed on all attempts. Error: Message: 
Stacktrace:
	GetHandleVerifier [0x00D76EE3+174339]
	(No symbol) [0x00CA0A51]
	(No symbol) [0x009B6FF6]
	(No symbol) [0x009E9876]
	(No symbol) [0x009E9C2C]
	(No symbol) [0x00A1BD42]
	(No symbol) [0x00A07054]
	(No symbol) [0x00A1A104]
	(No symbol) [0x00A06DA6]
	(No symbol) [0x009E1034]
	(No symbol) [0x009E1F8D]
	GetHandleVerifier [0x00E14B1C+820540]
	sqlite3_dbdata_init [0x00ED53EE+653550]
	sqlite3_dbdata_init [0x00ED4E09+652041]
	sqlite3_dbdata_init [0x00EC97CC+605388]
	sqlite3_dbdata_init [0x00ED5D9B+656027]
	(No symbol) [0x00CAFE6C]
	(No symbol) [0x00CA83B8]
	(No symbol) [0x00CA84DD]
	(No symbol) [0x00C95818]
	BaseThreadInitThunk [0x75B17BA9+25]
	RtlInitializeExceptionChain [0x77B7BD2B+107]
	RtlClearBits [0x77B7BCAF+191]

2024-01-24 17:30:36,792:ERROR:vanguard_bot failed on all attempts. Error: Message: 
Stacktrace:
	GetHandleVerifier [0x00DF6EE3+174339]
	(No symbol) [0x00D20A51]
	(No symbol) [0x00A36FF6]
	(No symbol) [0x00A69876]
	(No symbol) [0x00A69C2C]
	(No symbol) [0x00A9BD42]
	(No symbol) [0x00A87054]
	(No symbol) [0x00A9A104]
	(No symbol) [0x00A86DA6]
	(No symbol) [0x00A61034]
	(No symbol) [0x00A61F8D]
	GetHandleVerifier [0x00E94B1C+820540]
	sqlite3_dbdata_init [0x00F553EE+653550]
	sqlite3_dbdata_init [0x00F54E09+652041]
	sqlite3_dbdata_init [0x00F497CC+605388]
	sqlite3_dbdata_init [0x00F55D9B+656027]
	(No symbol) [0x00D2FE6C]
	(No symbol) [0x00D283B8]
	(No symbol) [0x00D284DD]
	(No symbol) [0x00D15818]
	BaseThreadInitThunk [0x75B17BA9+25]
	RtlInitializeExceptionChain [0x77B7BD2B+107]
	RtlClearBits [0x77B7BCAF+191]

2024-01-24 17:43:09,313:ERROR:jpmorgan_bot failed on all attempts. Error: Message: element click intercepted: Element <span...class="npe-icon-down-arrow"> </span> is not clickable at point (1577, 334). Other element would receive the click: <div class="jpm-modal-overlay jpm-am-modal ">...</div>
  (Session info: chrome-headless-shell=120.0.6099.224)
Stacktrace:
	GetHandleVerifier [0x00E96EE3+174339]
	(No symbol) [0x00DC0A51]
	(No symbol) [0x00AD6FF6]
	(No symbol) [0x00B0E48E]
	(No symbol) [0x00B0D09E]
	(No symbol) [0x00B0B5F8]
	(No symbol) [0x00B0AD7F]
	(No symbol) [0x00B02B4E]
	(No symbol) [0x00B2700C]
	(No symbol) [0x00B025B0]
	(No symbol) [0x00B27414]
	(No symbol) [0x00B3A104]
	(No symbol) [0x00B26DA6]
	(No symbol) [0x00B01034]
	(No symbol) [0x00B01F8D]
	GetHandleVerifier [0x00F34B1C+820540]
	sqlite3_dbdata_init [0x00FF53EE+653550]
	sqlite3_dbdata_init [0x00FF4E09+652041]
	sqlite3_dbdata_init [0x00FE97CC+605388]
	sqlite3_dbdata_init [0x00FF5D9B+656027]
	(No symbol) [0x00DCFE6C]
	(No symbol) [0x00DC83B8]
	(No symbol) [0x00DC84DD]
	(No symbol) [0x00DB5818]
	BaseThreadInitThunk [0x75B17BA9+25]
	RtlInitializeExceptionChain [0x77B7BD2B+107]
	RtlClearBits [0x77B7BCAF+191]

2024-01-24 17:59:03,364:ERROR:pimco_bot failed on all attempts. Error: "None of ['Ticker'] are in the columns"
2024-01-24 18:16:03,262:ERROR:vanguard_bot failed on all attempts. Error: Message: 
Stacktrace:
	GetHandleVerifier [0x005D6EE3+174339]
	(No symbol) [0x00500A51]
	(No symbol) [0x00216FF6]
	(No symbol) [0x00249876]
	(No symbol) [0x00249C2C]
	(No symbol) [0x0027BD42]
	(No symbol) [0x00267054]
	(No symbol) [0x0027A104]
	(No symbol) [0x00266DA6]
	(No symbol) [0x00241034]
	(No symbol) [0x00241F8D]
	GetHandleVerifier [0x00674B1C+820540]
	sqlite3_dbdata_init [0x007353EE+653550]
	sqlite3_dbdata_init [0x00734E09+652041]
	sqlite3_dbdata_init [0x007297CC+605388]
	sqlite3_dbdata_init [0x00735D9B+656027]
	(No symbol) [0x0050FE6C]
	(No symbol) [0x005083B8]
	(No symbol) [0x005084DD]
	(No symbol) [0x004F5818]
	BaseThreadInitThunk [0x75B17BA9+25]
	RtlInitializeExceptionChain [0x77B7BD2B+107]
	RtlClearBits [0x77B7BCAF+191]

2024-01-24 18:55:54,778:ERROR:pimco_bot failed on all attempts. Error: "None of ['Ticker'] are in the columns"
2024-01-24 18:59:21,179:ERROR:wisdomtree_bot failed on all attempts. Error: Message: no such element: Unable to locate element: {"method":"css selector","selector":"#fund-overview > div > div:nth-child(1) > table > tbody > tr:nth-child(9) > td:nth-child(2)"}
  (Session info: chrome-headless-shell=120.0.6099.224); For documentation on this error, please visit: https://www.selenium.dev/documentation/webdriver/troubleshooting/errors#no-such-element-exception
Stacktrace:
	GetHandleVerifier [0x00866EE3+174339]
	(No symbol) [0x00790A51]
	(No symbol) [0x004A6FF6]
	(No symbol) [0x004D9876]
	(No symbol) [0x004D9C2C]
	(No symbol) [0x0050BD42]
	(No symbol) [0x004F7054]
	(No symbol) [0x0050A104]
	(No symbol) [0x004F6DA6]
	(No symbol) [0x004D1034]
	(No symbol) [0x004D1F8D]
	GetHandleVerifier [0x00904B1C+820540]
	sqlite3_dbdata_init [0x009C53EE+653550]
	sqlite3_dbdata_init [0x009C4E09+652041]
	sqlite3_dbdata_init [0x009B97CC+605388]
	sqlite3_dbdata_init [0x009C5D9B+656027]
	(No symbol) [0x0079FE6C]
	(No symbol) [0x007983B8]
	(No symbol) [0x007984DD]
	(No symbol) [0x00785818]
	BaseThreadInitThunk [0x75B17BA9+25]
	RtlInitializeExceptionChain [0x77B7BD2B+107]
	RtlClearBits [0x77B7BCAF+191]

2024-01-24 19:21:03,001:ERROR:vaneck_bot failed on all attempts. Error: Message: 
Stacktrace:
	GetHandleVerifier [0x013D6EE3+174339]
	(No symbol) [0x01300A51]
	(No symbol) [0x01016FF6]
	(No symbol) [0x01049876]
	(No symbol) [0x01049C2C]
	(No symbol) [0x0107BD42]
	(No symbol) [0x01067054]
	(No symbol) [0x0107A104]
	(No symbol) [0x01066DA6]
	(No symbol) [0x01041034]
	(No symbol) [0x01041F8D]
	GetHandleVerifier [0x01474B1C+820540]
	sqlite3_dbdata_init [0x015353EE+653550]
	sqlite3_dbdata_init [0x01534E09+652041]
	sqlite3_dbdata_init [0x015297CC+605388]
	sqlite3_dbdata_init [0x01535D9B+656027]
	(No symbol) [0x0130FE6C]
	(No symbol) [0x013083B8]
	(No symbol) [0x013084DD]
	(No symbol) [0x012F5818]
	BaseThreadInitThunk [0x75B17BA9+25]
	RtlInitializeExceptionChain [0x77B7BD2B+107]
	RtlClearBits [0x77B7BCAF+191]

2024-01-26 12:54:36,776:ERROR:vanguard_bot failed on all attempts. Error: Message: 
Stacktrace:
	GetHandleVerifier [0x00CD6EE3+174339]
	(No symbol) [0x00C00A51]
	(No symbol) [0x00916FF6]
	(No symbol) [0x00949876]
	(No symbol) [0x00949C2C]
	(No symbol) [0x0097BD42]
	(No symbol) [0x00967054]
	(No symbol) [0x0097A104]
	(No symbol) [0x00966DA6]
	(No symbol) [0x00941034]
	(No symbol) [0x00941F8D]
	GetHandleVerifier [0x00D74B1C+820540]
	sqlite3_dbdata_init [0x00E353EE+653550]
	sqlite3_dbdata_init [0x00E34E09+652041]
	sqlite3_dbdata_init [0x00E297CC+605388]
	sqlite3_dbdata_init [0x00E35D9B+656027]
	(No symbol) [0x00C0FE6C]
	(No symbol) [0x00C083B8]
	(No symbol) [0x00C084DD]
	(No symbol) [0x00BF5818]
	BaseThreadInitThunk [0x75B17BA9+25]
	RtlInitializeExceptionChain [0x77B7BD2B+107]
	RtlClearBits [0x77B7BCAF+191]

2024-01-26 13:14:49,561:ERROR:first_trust_bot failed on all attempts. Error: If using all scalar values, you must pass an index
2024-01-26 13:18:04,561:ERROR:jpmorgan_bot failed on all attempts. Error: Message: element click intercepted: Element <span...class="npe-icon-down-arrow"> </span> is not clickable at point (1577, 341). Other element would receive the click: <div class="jpm-modal-overlay jpm-am-modal ">...</div>
  (Session info: chrome-headless-shell=120.0.6099.225)
Stacktrace:
	GetHandleVerifier [0x00576EE3+174339]
	(No symbol) [0x004A0A51]
	(No symbol) [0x001B6FF6]
	(No symbol) [0x001EE48E]
	(No symbol) [0x001ED09E]
	(No symbol) [0x001EB5F8]
	(No symbol) [0x001EAD7F]
	(No symbol) [0x001E2B4E]
	(No symbol) [0x0020700C]
	(No symbol) [0x001E25B0]
	(No symbol) [0x00207414]
	(No symbol) [0x0021A104]
	(No symbol) [0x00206DA6]
	(No symbol) [0x001E1034]
	(No symbol) [0x001E1F8D]
	GetHandleVerifier [0x00614B1C+820540]
	sqlite3_dbdata_init [0x006D53EE+653550]
	sqlite3_dbdata_init [0x006D4E09+652041]
	sqlite3_dbdata_init [0x006C97CC+605388]
	sqlite3_dbdata_init [0x006D5D9B+656027]
	(No symbol) [0x004AFE6C]
	(No symbol) [0x004A83B8]
	(No symbol) [0x004A84DD]
	(No symbol) [0x00495818]
	BaseThreadInitThunk [0x75B17BA9+25]
	RtlInitializeExceptionChain [0x77B7BD2B+107]
	RtlClearBits [0x77B7BCAF+191]

2024-01-26 13:46:46,236:ERROR:pimco_bot failed on all attempts. Error: "None of ['Ticker'] are in the columns"
2024-01-26 13:50:35,872:ERROR:wisdomtree_bot failed on all attempts. Error: Message: no such element: Unable to locate element: {"method":"css selector","selector":"#fund-overview > div > div:nth-child(1) > table > tbody > tr:nth-child(9) > td:nth-child(2)"}
  (Session info: chrome-headless-shell=120.0.6099.225); For documentation on this error, please visit: https://www.selenium.dev/documentation/webdriver/troubleshooting/errors#no-such-element-exception
Stacktrace:
	GetHandleVerifier [0x01096EE3+174339]
	(No symbol) [0x00FC0A51]
	(No symbol) [0x00CD6FF6]
	(No symbol) [0x00D09876]
	(No symbol) [0x00D09C2C]
	(No symbol) [0x00D3BD42]
	(No symbol) [0x00D27054]
	(No symbol) [0x00D3A104]
	(No symbol) [0x00D26DA6]
	(No symbol) [0x00D01034]
	(No symbol) [0x00D01F8D]
	GetHandleVerifier [0x01134B1C+820540]
	sqlite3_dbdata_init [0x011F53EE+653550]
	sqlite3_dbdata_init [0x011F4E09+652041]
	sqlite3_dbdata_init [0x011E97CC+605388]
	sqlite3_dbdata_init [0x011F5D9B+656027]
	(No symbol) [0x00FCFE6C]
	(No symbol) [0x00FC83B8]
	(No symbol) [0x00FC84DD]
	(No symbol) [0x00FB5818]
	BaseThreadInitThunk [0x75B17BA9+25]
	RtlInitializeExceptionChain [0x77B7BD2B+107]
	RtlClearBits [0x77B7BCAF+191]

2024-01-26 14:20:57,902:ERROR:vaneck_bot failed on all attempts. Error: "None of ['Ticker'] are in the columns"
2024-01-29 13:12:15,088:ERROR:vanguard_bot failed on all attempts. Error: Message: 
Stacktrace:
	GetHandleVerifier [0x009C6EE3+174339]
	(No symbol) [0x008F0A51]
	(No symbol) [0x00606FF6]
	(No symbol) [0x00639876]
	(No symbol) [0x00639C2C]
	(No symbol) [0x0066BD42]
	(No symbol) [0x00657054]
	(No symbol) [0x0066A104]
	(No symbol) [0x00656DA6]
	(No symbol) [0x00631034]
	(No symbol) [0x00631F8D]
	GetHandleVerifier [0x00A64B1C+820540]
	sqlite3_dbdata_init [0x00B253EE+653550]
	sqlite3_dbdata_init [0x00B24E09+652041]
	sqlite3_dbdata_init [0x00B197CC+605388]
	sqlite3_dbdata_init [0x00B25D9B+656027]
	(No symbol) [0x008FFE6C]
	(No symbol) [0x008F83B8]
	(No symbol) [0x008F84DD]
	(No symbol) [0x008E5818]
	BaseThreadInitThunk [0x76887BA9+25]
	RtlInitializeExceptionChain [0x772ABD2B+107]
	RtlClearBits [0x772ABCAF+191]

2024-01-29 13:19:11,554:ERROR:jpmorgan_bot failed on all attempts. Error: Message: element click intercepted: Element <span...class="npe-icon-down-arrow"> </span> is not clickable at point (1577, 334). Other element would receive the click: <div class="jpm-modal-overlay jpm-am-modal ">...</div>
  (Session info: chrome-headless-shell=120.0.6099.225)
Stacktrace:
	GetHandleVerifier [0x00926EE3+174339]
	(No symbol) [0x00850A51]
	(No symbol) [0x00566FF6]
	(No symbol) [0x0059E48E]
	(No symbol) [0x0059D09E]
	(No symbol) [0x0059B5F8]
	(No symbol) [0x0059AD7F]
	(No symbol) [0x00592B4E]
	(No symbol) [0x005B700C]
	(No symbol) [0x005925B0]
	(No symbol) [0x005B7414]
	(No symbol) [0x005CA104]
	(No symbol) [0x005B6DA6]
	(No symbol) [0x00591034]
	(No symbol) [0x00591F8D]
	GetHandleVerifier [0x009C4B1C+820540]
	sqlite3_dbdata_init [0x00A853EE+653550]
	sqlite3_dbdata_init [0x00A84E09+652041]
	sqlite3_dbdata_init [0x00A797CC+605388]
	sqlite3_dbdata_init [0x00A85D9B+656027]
	(No symbol) [0x0085FE6C]
	(No symbol) [0x008583B8]
	(No symbol) [0x008584DD]
	(No symbol) [0x00845818]
	BaseThreadInitThunk [0x76887BA9+25]
	RtlInitializeExceptionChain [0x772ABD2B+107]
	RtlClearBits [0x772ABCAF+191]

2024-01-29 13:44:58,267:ERROR:pimco_bot failed on all attempts. Error: "None of ['Ticker'] are in the columns"
2024-01-29 13:45:48,064:ERROR:wisdomtree_bot failed on all attempts. Error: Message: no such element: Unable to locate element: {"method":"css selector","selector":"#fund-overview > div > div:nth-child(1) > table > tbody > tr:nth-child(9) > td:nth-child(2)"}
  (Session info: chrome-headless-shell=120.0.6099.225); For documentation on this error, please visit: https://www.selenium.dev/documentation/webdriver/troubleshooting/errors#no-such-element-exception
Stacktrace:
	GetHandleVerifier [0x00586EE3+174339]
	(No symbol) [0x004B0A51]
	(No symbol) [0x001C6FF6]
	(No symbol) [0x001F9876]
	(No symbol) [0x001F9C2C]
	(No symbol) [0x0022BD42]
	(No symbol) [0x00217054]
	(No symbol) [0x0022A104]
	(No symbol) [0x00216DA6]
	(No symbol) [0x001F1034]
	(No symbol) [0x001F1F8D]
	GetHandleVerifier [0x00624B1C+820540]
	sqlite3_dbdata_init [0x006E53EE+653550]
	sqlite3_dbdata_init [0x006E4E09+652041]
	sqlite3_dbdata_init [0x006D97CC+605388]
	sqlite3_dbdata_init [0x006E5D9B+656027]
	(No symbol) [0x004BFE6C]
	(No symbol) [0x004B83B8]
	(No symbol) [0x004B84DD]
	(No symbol) [0x004A5818]
	BaseThreadInitThunk [0x76887BA9+25]
	RtlInitializeExceptionChain [0x772ABD2B+107]
	RtlClearBits [0x772ABCAF+191]

2024-01-29 14:13:43,405:ERROR:vaneck_bot failed on all attempts. Error: "None of ['Ticker'] are in the columns"
2024-03-05 11:58:01,503:ERROR:pimco_bot failed on all attempts. Error: "None of ['Ticker'] are in the columns"
2024-03-05 11:59:57,713:ERROR:wisdomtree_bot failed on all attempts. Error: Message: no such element: Unable to locate element: {"method":"css selector","selector":"#fund-overview > div > div:nth-child(1) > table > tbody > tr:nth-child(9) > td:nth-child(2)"}
  (Session info: chrome-headless-shell=122.0.6261.95); For documentation on this error, please visit: https://www.selenium.dev/documentation/webdriver/troubleshooting/errors#no-such-element-exception
Stacktrace:
	GetHandleVerifier [0x00C08C93+51395]
	(No symbol) [0x00B75EF1]
	(No symbol) [0x00A2E13A]
	(No symbol) [0x00A662BB]
	(No symbol) [0x00A663EB]
	(No symbol) [0x00A9C162]
	(No symbol) [0x00A83ED4]
	(No symbol) [0x00A9A570]
	(No symbol) [0x00A83C26]
	(No symbol) [0x00A5C629]
	(No symbol) [0x00A5D40D]
	GetHandleVerifier [0x00F86453+3711107]
	GetHandleVerifier [0x00FC583A+3970154]
	GetHandleVerifier [0x00FC0B28+3950424]
	GetHandleVerifier [0x00CB9C99+776393]
	(No symbol) [0x00B816C4]
	(No symbol) [0x00B7C5A8]
	(No symbol) [0x00B7C759]
	(No symbol) [0x00B6DD80]
	BaseThreadInitThunk [0x76187BA9+25]
	RtlInitializeExceptionChain [0x77C1BD2B+107]
	RtlClearBits [0x77C1BCAF+191]

2024-03-05 12:31:44,898:ERROR:vaneck_bot failed on all attempts. Error: "None of ['Ticker'] are in the columns"
2024-03-05 13:27:01,559:ERROR:Error during processing or saving: "None of [Index(['ETF Name', 'Average Yield to Maturity',\n       'Average Yield to Maturity Date'],\n      dtype='object')] are in the [columns]"
2024-03-05 13:27:16,757:ERROR:Error during processing or saving: "None of [Index(['ETF Name', 'Average Yield to Maturity',\n       'Average Yield to Maturity Date'],\n      dtype='object')] are in the [columns]"
2024-03-05 13:28:55,578:ERROR:Error during processing or saving: "None of [Index(['ETF Name', 'Average Yield to Maturity',\n       'Average Yield to Maturity Date'],\n      dtype='object')] are in the [columns]"
2024-03-05 13:29:10,199:ERROR:Error during processing or saving: "None of [Index(['ETF Name', 'Average Yield to Maturity',\n       'Average Yield to Maturity Date'],\n      dtype='object')] are in the [columns]"
2024-03-05 13:43:37,773:ERROR:Error during processing or saving: "None of [Index(['ETF Name', 'Average Yield to Maturity',\n       'Average Yield to Maturity Date'],\n      dtype='object')] are in the [columns]"
2024-03-05 13:43:54,755:ERROR:Error during processing or saving: "None of [Index(['ETF Name', 'Average Yield to Maturity',\n       'Average Yield to Maturity Date'],\n      dtype='object')] are in the [columns]"
2024-03-05 13:48:15,222:ERROR:Error during processing or saving: "None of [Index(['ETF Name', 'Average Yield to Maturity',\n       'Average Yield to Maturity Date'],\n      dtype='object')] are in the [columns]"
2024-03-05 13:49:29,471:ERROR:Error during processing or saving: "None of [Index(['ETF Name', 'Average Yield to Maturity',\n       'Average Yield to Maturity Date'],\n      dtype='object')] are in the [columns]"
2024-03-05 13:51:49,649:ERROR:Error during processing or saving: "None of [Index(['ETF Name', 'Average Yield to Maturity',\n       'Average Yield to Maturity Date'],\n      dtype='object')] are in the [columns]"
2024-03-05 13:51:59,011:ERROR:Error during processing or saving: "None of [Index(['ETF Name', 'Average Yield to Maturity',\n       'Average Yield to Maturity Date'],\n      dtype='object')] are in the [columns]"
2024-03-18 22:52:31,423:ERROR:first_trust_bot failed on all attempts. Error: If using all scalar values, you must pass an index
2024-03-18 22:54:22,357:ERROR:jpmorgan_bot failed on all attempts. Error: Message: element click intercepted: Element <span...class="npe-icon-down-arrow"> </span> is not clickable at point (1577, 344). Other element would receive the click: <div class="jpm-modal-overlay jpm-am-modal ">...</div>
  (Session info: chrome-headless-shell=122.0.6261.129)
Stacktrace:
	GetHandleVerifier [0x004C8D03+51395]
	(No symbol) [0x00435F61]
	(No symbol) [0x002EE13A]
	(No symbol) [0x0032B8A2]
	(No symbol) [0x0032A0D4]
	(No symbol) [0x0032813B]
	(No symbol) [0x0032731A]
	(No symbol) [0x0031E54E]
	(No symbol) [0x00343E8C]
	(No symbol) [0x0031DF7E]
	(No symbol) [0x00344124]
	(No symbol) [0x0035A570]
	(No symbol) [0x00343C26]
	(No symbol) [0x0031C629]
	(No symbol) [0x0031D40D]
	GetHandleVerifier [0x008468D3+3712147]
	GetHandleVerifier [0x00885CBA+3971194]
	GetHandleVerifier [0x00880FA8+3951464]
	GetHandleVerifier [0x00579D09+776393]
	(No symbol) [0x00441734]
	(No symbol) [0x0043C618]
	(No symbol) [0x0043C7C9]
	(No symbol) [0x0042DDF0]
	BaseThreadInitThunk [0x75C27BA9+25]
	RtlInitializeExceptionChain [0x772DBDAB+107]
	RtlClearBits [0x772DBD2F+191]

2024-03-18 23:21:34,989:ERROR:pimco_bot failed on all attempts. Error: "None of ['Ticker'] are in the columns"
2024-03-18 23:22:47,819:ERROR:wisdomtree_bot failed on all attempts. Error: Message: no such element: Unable to locate element: {"method":"css selector","selector":"#fund-overview > div > div:nth-child(1) > table > tbody > tr:nth-child(9) > td:nth-child(2)"}
  (Session info: chrome-headless-shell=122.0.6261.129); For documentation on this error, please visit: https://www.selenium.dev/documentation/webdriver/troubleshooting/errors#no-such-element-exception
Stacktrace:
	GetHandleVerifier [0x00C98D03+51395]
	(No symbol) [0x00C05F61]
	(No symbol) [0x00ABE13A]
	(No symbol) [0x00AF62BB]
	(No symbol) [0x00AF63EB]
	(No symbol) [0x00B2C162]
	(No symbol) [0x00B13ED4]
	(No symbol) [0x00B2A570]
	(No symbol) [0x00B13C26]
	(No symbol) [0x00AEC629]
	(No symbol) [0x00AED40D]
	GetHandleVerifier [0x010168D3+3712147]
	GetHandleVerifier [0x01055CBA+3971194]
	GetHandleVerifier [0x01050FA8+3951464]
	GetHandleVerifier [0x00D49D09+776393]
	(No symbol) [0x00C11734]
	(No symbol) [0x00C0C618]
	(No symbol) [0x00C0C7C9]
	(No symbol) [0x00BFDDF0]
	BaseThreadInitThunk [0x75C27BA9+25]
	RtlInitializeExceptionChain [0x772DBDAB+107]
	RtlClearBits [0x772DBD2F+191]

2024-03-18 23:42:32,483:ERROR:vaneck_bot failed on all attempts. Error: Message: 

2024-04-01 16:37:48,800:ERROR:invesco_bot failed on all attempts. Error: 'NoneType' object has no attribute 'group'
2024-04-01 16:40:17,197:ERROR:jpmorgan_bot failed on all attempts. Error: Message: element click intercepted: Element <span...class="npe-icon-down-arrow"> </span> is not clickable at point (1577, 344). Other element would receive the click: <div class="jpm-modal-overlay jpm-am-modal ">...</div>
  (Session info: chrome-headless-shell=123.0.6312.86)
Stacktrace:
	GetHandleVerifier [0x01034CC3+225091]
	(No symbol) [0x00F64E11]
	(No symbol) [0x00E09A7A]
	(No symbol) [0x00E46D42]
	(No symbol) [0x00E45574]
	(No symbol) [0x00E435DB]
	(No symbol) [0x00E427BA]
	(No symbol) [0x00E398DE]
	(No symbol) [0x00E5F55C]
	(No symbol) [0x00E3930E]
	(No symbol) [0x00E5F7F4]
	(No symbol) [0x00E75CB0]
	(No symbol) [0x00E5F2F6]
	(No symbol) [0x00E379B9]
	(No symbol) [0x00E3879D]
	sqlite3_dbdata_init [0x014A9A63+4064547]
	sqlite3_dbdata_init [0x014B106A+4094762]
	sqlite3_dbdata_init [0x014AB968+4072488]
	sqlite3_dbdata_init [0x011AC9C9+930953]
	(No symbol) [0x00F707E4]
	(No symbol) [0x00F6AD08]
	(No symbol) [0x00F6AE31]
	(No symbol) [0x00F5CAA0]
	BaseThreadInitThunk [0x76937BA9+25]
	RtlInitializeExceptionChain [0x77CEBDAB+107]
	RtlClearBits [0x77CEBD2F+191]

2024-04-01 16:59:57,039:ERROR:pimco_bot failed on all attempts. Error: "None of ['Ticker'] are in the columns"
2024-04-01 17:30:04,995:ERROR:vaneck_bot failed on all attempts. Error: "None of ['Ticker'] are in the columns"
